<?xml version="1.0" encoding="UTF-8"?>
<testsuite xmlns:xsi="http://www.w3.org/2001/XMLSchema-instance" xsi:noNamespaceSchemaLocation="https://maven.apache.org/surefire/maven-surefire-plugin/xsd/surefire-test-report-3.0.xsd" version="3.0" name="dev.ifrs.ConfigTest" time="3.147" tests="1" errors="0" skipped="0" failures="1">
  <properties>
    <property name="awt.toolkit" value="sun.awt.X11.XToolkit"/>
    <property name="java.specification.version" value="11"/>
    <property name="sun.cpu.isalist" value=""/>
    <property name="test.url" value="http://localhost:8081"/>
    <property name="sun.jnu.encoding" value="UTF-8"/>
    <property name="java.class.path" value="/home/pw2/dev/aula-002/config/target/test-classes:/home/pw2/dev/aula-002/config/target/classes:/home/pw2/.m2/repository/io/quarkus/quarkus-arc/2.12.3.Final/quarkus-arc-2.12.3.Final.jar:/home/pw2/.m2/repository/io/quarkus/arc/arc/2.12.3.Final/arc-2.12.3.Final.jar:/home/pw2/.m2/repository/jakarta/enterprise/jakarta.enterprise.cdi-api/2.0.2/jakarta.enterprise.cdi-api-2.0.2.jar:/home/pw2/.m2/repository/jakarta/el/jakarta.el-api/3.0.3/jakarta.el-api-3.0.3.jar:/home/pw2/.m2/repository/jakarta/interceptor/jakarta.interceptor-api/1.2.5/jakarta.interceptor-api-1.2.5.jar:/home/pw2/.m2/repository/jakarta/annotation/jakarta.annotation-api/1.3.5/jakarta.annotation-api-1.3.5.jar:/home/pw2/.m2/repository/jakarta/transaction/jakarta.transaction-api/1.3.3/jakarta.transaction-api-1.3.3.jar:/home/pw2/.m2/repository/org/jboss/logging/jboss-logging/3.5.0.Final/jboss-logging-3.5.0.Final.jar:/home/pw2/.m2/repository/io/quarkus/quarkus-core/2.12.3.Final/quarkus-core-2.12.3.Final.jar:/home/pw2/.m2/repository/jakarta/inject/jakarta.inject-api/1.0/jakarta.inject-api-1.0.jar:/home/pw2/.m2/repository/io/quarkus/quarkus-ide-launcher/2.12.3.Final/quarkus-ide-launcher-2.12.3.Final.jar:/home/pw2/.m2/repository/io/quarkus/quarkus-development-mode-spi/2.12.3.Final/quarkus-development-mode-spi-2.12.3.Final.jar:/home/pw2/.m2/repository/io/smallrye/config/smallrye-config/2.12.0/smallrye-config-2.12.0.jar:/home/pw2/.m2/repository/io/smallrye/config/smallrye-config-core/2.12.0/smallrye-config-core-2.12.0.jar:/home/pw2/.m2/repository/org/eclipse/microprofile/config/microprofile-config-api/2.0.1/microprofile-config-api-2.0.1.jar:/home/pw2/.m2/repository/io/smallrye/common/smallrye-common-expression/1.13.0/smallrye-common-expression-1.13.0.jar:/home/pw2/.m2/repository/io/smallrye/common/smallrye-common-function/1.13.0/smallrye-common-function-1.13.0.jar:/home/pw2/.m2/repository/io/smallrye/common/smallrye-common-classloader/1.13.0/smallrye-common-classloader-1.13.0.jar:/home/pw2/.m2/repository/io/smallrye/config/smallrye-config-common/2.12.0/smallrye-config-common-2.12.0.jar:/home/pw2/.m2/repository/org/jboss/logmanager/jboss-logmanager-embedded/1.0.10/jboss-logmanager-embedded-1.0.10.jar:/home/pw2/.m2/repository/org/jboss/logging/jboss-logging-annotations/2.2.1.Final/jboss-logging-annotations-2.2.1.Final.jar:/home/pw2/.m2/repository/org/jboss/threads/jboss-threads/3.4.3.Final/jboss-threads-3.4.3.Final.jar:/home/pw2/.m2/repository/org/slf4j/slf4j-api/1.7.36/slf4j-api-1.7.36.jar:/home/pw2/.m2/repository/org/jboss/slf4j/slf4j-jboss-logmanager/1.1.0.Final/slf4j-jboss-logmanager-1.1.0.Final.jar:/home/pw2/.m2/repository/org/graalvm/sdk/graal-sdk/22.2.0/graal-sdk-22.2.0.jar:/home/pw2/.m2/repository/org/wildfly/common/wildfly-common/1.5.4.Final-format-001/wildfly-common-1.5.4.Final-format-001.jar:/home/pw2/.m2/repository/io/quarkus/quarkus-bootstrap-runner/2.12.3.Final/quarkus-bootstrap-runner-2.12.3.Final.jar:/home/pw2/.m2/repository/io/quarkus/quarkus-fs-util/0.0.9/quarkus-fs-util-0.0.9.jar:/home/pw2/.m2/repository/org/eclipse/microprofile/context-propagation/microprofile-context-propagation-api/1.2/microprofile-context-propagation-api-1.2.jar:/home/pw2/.m2/repository/io/quarkus/quarkus-resteasy-reactive/2.12.3.Final/quarkus-resteasy-reactive-2.12.3.Final.jar:/home/pw2/.m2/repository/io/quarkus/quarkus-resteasy-reactive-common/2.12.3.Final/quarkus-resteasy-reactive-common-2.12.3.Final.jar:/home/pw2/.m2/repository/io/quarkus/resteasy/reactive/resteasy-reactive-common/2.12.3.Final/resteasy-reactive-common-2.12.3.Final.jar:/home/pw2/.m2/repository/io/quarkus/resteasy/reactive/resteasy-reactive-common-types/2.12.3.Final/resteasy-reactive-common-types-2.12.3.Final.jar:/home/pw2/.m2/repository/io/smallrye/reactive/mutiny/1.7.0/mutiny-1.7.0.jar:/home/pw2/.m2/repository/org/reactivestreams/reactive-streams/1.0.3/reactive-streams-1.0.3.jar:/home/pw2/.m2/repository/io/smallrye/common/smallrye-common-annotation/1.13.0/smallrye-common-annotation-1.13.0.jar:/home/pw2/.m2/repository/io/quarkus/quarkus-mutiny/2.12.3.Final/quarkus-mutiny-2.12.3.Final.jar:/home/pw2/.m2/repository/io/quarkus/quarkus-smallrye-context-propagation/2.12.3.Final/quarkus-smallrye-context-propagation-2.12.3.Final.jar:/home/pw2/.m2/repository/io/smallrye/smallrye-context-propagation/1.2.2/smallrye-context-propagation-1.2.2.jar:/home/pw2/.m2/repository/io/smallrye/smallrye-context-propagation-api/1.2.2/smallrye-context-propagation-api-1.2.2.jar:/home/pw2/.m2/repository/io/smallrye/smallrye-context-propagation-storage/1.2.2/smallrye-context-propagation-storage-1.2.2.jar:/home/pw2/.m2/repository/io/smallrye/reactive/mutiny-smallrye-context-propagation/1.7.0/mutiny-smallrye-context-propagation-1.7.0.jar:/home/pw2/.m2/repository/io/quarkus/quarkus-vertx/2.12.3.Final/quarkus-vertx-2.12.3.Final.jar:/home/pw2/.m2/repository/io/quarkus/quarkus-netty/2.12.3.Final/quarkus-netty-2.12.3.Final.jar:/home/pw2/.m2/repository/io/netty/netty-codec/4.1.79.Final/netty-codec-4.1.79.Final.jar:/home/pw2/.m2/repository/io/netty/netty-codec-http/4.1.79.Final/netty-codec-http-4.1.79.Final.jar:/home/pw2/.m2/repository/io/netty/netty-codec-http2/4.1.79.Final/netty-codec-http2-4.1.79.Final.jar:/home/pw2/.m2/repository/io/netty/netty-handler/4.1.79.Final/netty-handler-4.1.79.Final.jar:/home/pw2/.m2/repository/io/netty/netty-transport-native-unix-common/4.1.79.Final/netty-transport-native-unix-common-4.1.79.Final.jar:/home/pw2/.m2/repository/com/aayushatharva/brotli4j/brotli4j/1.7.1/brotli4j-1.7.1.jar:/home/pw2/.m2/repository/com/aayushatharva/brotli4j/native-linux-x86_64/1.7.1/native-linux-x86_64-1.7.1.jar:/home/pw2/.m2/repository/io/netty/netty-codec-haproxy/4.1.79.Final/netty-codec-haproxy-4.1.79.Final.jar:/home/pw2/.m2/repository/io/netty/netty-buffer/4.1.79.Final/netty-buffer-4.1.79.Final.jar:/home/pw2/.m2/repository/io/netty/netty-transport/4.1.79.Final/netty-transport-4.1.79.Final.jar:/home/pw2/.m2/repository/io/quarkus/quarkus-vertx-latebound-mdc-provider/2.12.3.Final/quarkus-vertx-latebound-mdc-provider-2.12.3.Final.jar:/home/pw2/.m2/repository/io/smallrye/smallrye-fault-tolerance-vertx/5.5.0/smallrye-fault-tolerance-vertx-5.5.0.jar:/home/pw2/.m2/repository/io/quarkus/resteasy/reactive/resteasy-reactive-vertx/2.12.3.Final/resteasy-reactive-vertx-2.12.3.Final.jar:/home/pw2/.m2/repository/io/vertx/vertx-web/4.3.2/vertx-web-4.3.2.jar:/home/pw2/.m2/repository/io/vertx/vertx-web-common/4.3.2/vertx-web-common-4.3.2.jar:/home/pw2/.m2/repository/io/vertx/vertx-auth-common/4.3.2/vertx-auth-common-4.3.2.jar:/home/pw2/.m2/repository/io/vertx/vertx-bridge-common/4.3.2/vertx-bridge-common-4.3.2.jar:/home/pw2/.m2/repository/io/vertx/vertx-core/4.3.2/vertx-core-4.3.2.jar:/home/pw2/.m2/repository/io/netty/netty-common/4.1.79.Final/netty-common-4.1.79.Final.jar:/home/pw2/.m2/repository/io/netty/netty-handler-proxy/4.1.79.Final/netty-handler-proxy-4.1.79.Final.jar:/home/pw2/.m2/repository/io/netty/netty-codec-socks/4.1.79.Final/netty-codec-socks-4.1.79.Final.jar:/home/pw2/.m2/repository/io/netty/netty-resolver/4.1.79.Final/netty-resolver-4.1.79.Final.jar:/home/pw2/.m2/repository/io/netty/netty-resolver-dns/4.1.79.Final/netty-resolver-dns-4.1.79.Final.jar:/home/pw2/.m2/repository/io/netty/netty-codec-dns/4.1.79.Final/netty-codec-dns-4.1.79.Final.jar:/home/pw2/.m2/repository/com/fasterxml/jackson/core/jackson-core/2.13.3/jackson-core-2.13.3.jar:/home/pw2/.m2/repository/io/smallrye/reactive/smallrye-mutiny-vertx-core/2.25.0/smallrye-mutiny-vertx-core-2.25.0.jar:/home/pw2/.m2/repository/io/smallrye/reactive/smallrye-mutiny-vertx-runtime/2.25.0/smallrye-mutiny-vertx-runtime-2.25.0.jar:/home/pw2/.m2/repository/io/smallrye/reactive/vertx-mutiny-generator/2.25.0/vertx-mutiny-generator-2.25.0.jar:/home/pw2/.m2/repository/io/vertx/vertx-codegen/4.3.2/vertx-codegen-4.3.2.jar:/home/pw2/.m2/repository/io/quarkus/resteasy/reactive/resteasy-reactive/2.12.3.Final/resteasy-reactive-2.12.3.Final.jar:/home/pw2/.m2/repository/org/jboss/spec/javax/ws/rs/jboss-jaxrs-api_2.1_spec/2.0.1.Final/jboss-jaxrs-api_2.1_spec-2.0.1.Final.jar:/home/pw2/.m2/repository/org/jboss/logging/commons-logging-jboss-logging/1.0.0.Final/commons-logging-jboss-logging-1.0.0.Final.jar:/home/pw2/.m2/repository/io/quarkus/quarkus-vertx-http/2.12.3.Final/quarkus-vertx-http-2.12.3.Final.jar:/home/pw2/.m2/repository/io/quarkus/quarkus-security-runtime-spi/2.12.3.Final/quarkus-security-runtime-spi-2.12.3.Final.jar:/home/pw2/.m2/repository/io/quarkus/quarkus-credentials/2.12.3.Final/quarkus-credentials-2.12.3.Final.jar:/home/pw2/.m2/repository/io/smallrye/common/smallrye-common-vertx-context/1.13.0/smallrye-common-vertx-context-1.13.0.jar:/home/pw2/.m2/repository/io/smallrye/common/smallrye-common-constraint/1.13.0/smallrye-common-constraint-1.13.0.jar:/home/pw2/.m2/repository/io/quarkus/quarkus-vertx-http-dev-console-runtime-spi/2.12.3.Final/quarkus-vertx-http-dev-console-runtime-spi-2.12.3.Final.jar:/home/pw2/.m2/repository/io/quarkus/security/quarkus-security/1.1.4.Final/quarkus-security-1.1.4.Final.jar:/home/pw2/.m2/repository/io/smallrye/reactive/smallrye-mutiny-vertx-web/2.25.0/smallrye-mutiny-vertx-web-2.25.0.jar:/home/pw2/.m2/repository/io/smallrye/reactive/smallrye-mutiny-vertx-web-common/2.25.0/smallrye-mutiny-vertx-web-common-2.25.0.jar:/home/pw2/.m2/repository/io/smallrye/reactive/smallrye-mutiny-vertx-auth-common/2.25.0/smallrye-mutiny-vertx-auth-common-2.25.0.jar:/home/pw2/.m2/repository/io/smallrye/reactive/smallrye-mutiny-vertx-bridge-common/2.25.0/smallrye-mutiny-vertx-bridge-common-2.25.0.jar:/home/pw2/.m2/repository/io/smallrye/reactive/smallrye-mutiny-vertx-uri-template/2.25.0/smallrye-mutiny-vertx-uri-template-2.25.0.jar:/home/pw2/.m2/repository/io/vertx/vertx-uri-template/4.3.2/vertx-uri-template-4.3.2.jar:/home/pw2/.m2/repository/io/github/crac/org-crac/0.1.1/org-crac-0.1.1.jar:/home/pw2/.m2/repository/io/quarkus/quarkus-jsonp/2.12.3.Final/quarkus-jsonp-2.12.3.Final.jar:/home/pw2/.m2/repository/org/glassfish/jakarta.json/1.1.6/jakarta.json-1.1.6.jar:/home/pw2/.m2/repository/io/quarkus/quarkus-junit5/2.12.3.Final/quarkus-junit5-2.12.3.Final.jar:/home/pw2/.m2/repository/io/quarkus/quarkus-bootstrap-core/2.12.3.Final/quarkus-bootstrap-core-2.12.3.Final.jar:/home/pw2/.m2/repository/io/quarkus/quarkus-bootstrap-app-model/2.12.3.Final/quarkus-bootstrap-app-model-2.12.3.Final.jar:/home/pw2/.m2/repository/io/quarkus/quarkus-bootstrap-maven-resolver/2.12.3.Final/quarkus-bootstrap-maven-resolver-2.12.3.Final.jar:/home/pw2/.m2/repository/org/apache/maven/maven-embedder/3.8.6/maven-embedder-3.8.6.jar:/home/pw2/.m2/repository/org/apache/maven/maven-settings/3.8.6/maven-settings-3.8.6.jar:/home/pw2/.m2/repository/org/apache/maven/maven-core/3.8.6/maven-core-3.8.6.jar:/home/pw2/.m2/repository/org/apache/maven/maven-artifact/3.8.6/maven-artifact-3.8.6.jar:/home/pw2/.m2/repository/org/codehaus/plexus/plexus-component-annotations/2.1.0/plexus-component-annotations-2.1.0.jar:/home/pw2/.m2/repository/org/apache/maven/maven-plugin-api/3.8.6/maven-plugin-api-3.8.6.jar:/home/pw2/.m2/repository/org/apache/maven/maven-model/3.8.6/maven-model-3.8.6.jar:/home/pw2/.m2/repository/org/apache/maven/maven-model-builder/3.8.6/maven-model-builder-3.8.6.jar:/home/pw2/.m2/repository/org/apache/maven/maven-builder-support/3.8.6/maven-builder-support-3.8.6.jar:/home/pw2/.m2/repository/org/apache/maven/resolver/maven-resolver-api/1.6.3/maven-resolver-api-1.6.3.jar:/home/pw2/.m2/repository/org/apache/maven/resolver/maven-resolver-util/1.6.3/maven-resolver-util-1.6.3.jar:/home/pw2/.m2/repository/org/apache/maven/shared/maven-shared-utils/3.3.4/maven-shared-utils-3.3.4.jar:/home/pw2/.m2/repository/commons-io/commons-io/2.11.0/commons-io-2.11.0.jar:/home/pw2/.m2/repository/com/google/inject/guice/4.2.2/guice-4.2.2-no_aop.jar:/home/pw2/.m2/repository/com/google/guava/guava/31.1-jre/guava-31.1-jre.jar:/home/pw2/.m2/repository/com/google/guava/failureaccess/1.0.1/failureaccess-1.0.1.jar:/home/pw2/.m2/repository/org/codehaus/plexus/plexus-classworlds/2.6.0/plexus-classworlds-2.6.0.jar:/home/pw2/.m2/repository/org/codehaus/plexus/plexus-sec-dispatcher/2.0/plexus-sec-dispatcher-2.0.jar:/home/pw2/.m2/repository/org/codehaus/plexus/plexus-cipher/2.0/plexus-cipher-2.0.jar:/home/pw2/.m2/repository/commons-cli/commons-cli/1.4/commons-cli-1.4.jar:/home/pw2/.m2/repository/org/eclipse/sisu/org.eclipse.sisu.plexus/0.3.5/org.eclipse.sisu.plexus-0.3.5.jar:/home/pw2/.m2/repository/org/apache/maven/maven-settings-builder/3.8.6/maven-settings-builder-3.8.6.jar:/home/pw2/.m2/repository/org/codehaus/plexus/plexus-interpolation/1.26/plexus-interpolation-1.26.jar:/home/pw2/.m2/repository/org/apache/maven/maven-resolver-provider/3.8.6/maven-resolver-provider-3.8.6.jar:/home/pw2/.m2/repository/org/apache/maven/maven-repository-metadata/3.8.6/maven-repository-metadata-3.8.6.jar:/home/pw2/.m2/repository/org/apache/maven/resolver/maven-resolver-spi/1.6.3/maven-resolver-spi-1.6.3.jar:/home/pw2/.m2/repository/org/apache/maven/resolver/maven-resolver-impl/1.6.3/maven-resolver-impl-1.6.3.jar:/home/pw2/.m2/repository/org/codehaus/plexus/plexus-utils/3.3.0/plexus-utils-3.3.0.jar:/home/pw2/.m2/repository/org/apache/maven/resolver/maven-resolver-connector-basic/1.6.3/maven-resolver-connector-basic-1.6.3.jar:/home/pw2/.m2/repository/org/apache/maven/resolver/maven-resolver-transport-wagon/1.6.3/maven-resolver-transport-wagon-1.6.3.jar:/home/pw2/.m2/repository/org/apache/maven/wagon/wagon-http/3.5.1/wagon-http-3.5.1.jar:/home/pw2/.m2/repository/org/apache/maven/wagon/wagon-http-shared/3.5.1/wagon-http-shared-3.5.1.jar:/home/pw2/.m2/repository/org/apache/maven/wagon/wagon-provider-api/3.5.1/wagon-provider-api-3.5.1.jar:/home/pw2/.m2/repository/org/apache/maven/wagon/wagon-file/3.5.1/wagon-file-3.5.1.jar:/home/pw2/.m2/repository/io/quarkus/quarkus-bootstrap-gradle-resolver/2.12.3.Final/quarkus-bootstrap-gradle-resolver-2.12.3.Final.jar:/home/pw2/.m2/repository/io/smallrye/common/smallrye-common-io/1.13.0/smallrye-common-io-1.13.0.jar:/home/pw2/.m2/repository/org/eclipse/sisu/org.eclipse.sisu.inject/0.3.5/org.eclipse.sisu.inject-0.3.5.jar:/home/pw2/.m2/repository/io/quarkus/quarkus-test-common/2.12.3.Final/quarkus-test-common-2.12.3.Final.jar:/home/pw2/.m2/repository/io/quarkus/quarkus-core-deployment/2.12.3.Final/quarkus-core-deployment-2.12.3.Final.jar:/home/pw2/.m2/repository/org/aesh/readline/2.2/readline-2.2.jar:/home/pw2/.m2/repository/org/fusesource/jansi/jansi/1.18/jansi-1.18.jar:/home/pw2/.m2/repository/org/aesh/aesh/2.6/aesh-2.6.jar:/home/pw2/.m2/repository/io/quarkus/gizmo/gizmo/1.1.0.Final/gizmo-1.1.0.Final.jar:/home/pw2/.m2/repository/org/ow2/asm/asm-util/9.3/asm-util-9.3.jar:/home/pw2/.m2/repository/org/ow2/asm/asm/9.3/asm-9.3.jar:/home/pw2/.m2/repository/org/ow2/asm/asm-commons/9.3/asm-commons-9.3.jar:/home/pw2/.m2/repository/org/ow2/asm/asm-tree/9.3/asm-tree-9.3.jar:/home/pw2/.m2/repository/org/ow2/asm/asm-analysis/9.3/asm-analysis-9.3.jar:/home/pw2/.m2/repository/io/quarkus/quarkus-class-change-agent/2.12.3.Final/quarkus-class-change-agent-2.12.3.Final.jar:/home/pw2/.m2/repository/io/quarkus/quarkus-devtools-utilities/2.12.3.Final/quarkus-devtools-utilities-2.12.3.Final.jar:/home/pw2/.m2/repository/io/quarkus/quarkus-builder/2.12.3.Final/quarkus-builder-2.12.3.Final.jar:/home/pw2/.m2/repository/org/junit/platform/junit-platform-launcher/1.9.0/junit-platform-launcher-1.9.0.jar:/home/pw2/.m2/repository/org/jboss/jandex/2.4.3.Final/jandex-2.4.3.Final.jar:/home/pw2/.m2/repository/io/quarkus/quarkus-junit5-properties/2.12.3.Final/quarkus-junit5-properties-2.12.3.Final.jar:/home/pw2/.m2/repository/org/junit/jupiter/junit-jupiter/5.9.0/junit-jupiter-5.9.0.jar:/home/pw2/.m2/repository/org/junit/jupiter/junit-jupiter-api/5.9.0/junit-jupiter-api-5.9.0.jar:/home/pw2/.m2/repository/org/opentest4j/opentest4j/1.2.0/opentest4j-1.2.0.jar:/home/pw2/.m2/repository/org/junit/platform/junit-platform-commons/1.9.0/junit-platform-commons-1.9.0.jar:/home/pw2/.m2/repository/org/apiguardian/apiguardian-api/1.1.2/apiguardian-api-1.1.2.jar:/home/pw2/.m2/repository/org/junit/jupiter/junit-jupiter-params/5.9.0/junit-jupiter-params-5.9.0.jar:/home/pw2/.m2/repository/org/junit/jupiter/junit-jupiter-engine/5.9.0/junit-jupiter-engine-5.9.0.jar:/home/pw2/.m2/repository/org/junit/platform/junit-platform-engine/1.9.0/junit-platform-engine-1.9.0.jar:/home/pw2/.m2/repository/com/thoughtworks/xstream/xstream/1.4.19/xstream-1.4.19.jar:/home/pw2/.m2/repository/io/github/x-stream/mxparser/1.2.2/mxparser-1.2.2.jar:/home/pw2/.m2/repository/xmlpull/xmlpull/1.1.3.1/xmlpull-1.1.3.1.jar:/home/pw2/.m2/repository/io/rest-assured/rest-assured/4.5.1/rest-assured-4.5.1.jar:/home/pw2/.m2/repository/org/codehaus/groovy/groovy/3.0.9/groovy-3.0.9.jar:/home/pw2/.m2/repository/org/codehaus/groovy/groovy-xml/3.0.9/groovy-xml-3.0.9.jar:/home/pw2/.m2/repository/org/apache/httpcomponents/httpclient/4.5.13/httpclient-4.5.13.jar:/home/pw2/.m2/repository/org/apache/httpcomponents/httpcore/4.4.15/httpcore-4.4.15.jar:/home/pw2/.m2/repository/commons-codec/commons-codec/1.15/commons-codec-1.15.jar:/home/pw2/.m2/repository/org/apache/httpcomponents/httpmime/4.5.13/httpmime-4.5.13.jar:/home/pw2/.m2/repository/org/hamcrest/hamcrest/2.1/hamcrest-2.1.jar:/home/pw2/.m2/repository/org/ccil/cowan/tagsoup/tagsoup/1.2.1/tagsoup-1.2.1.jar:/home/pw2/.m2/repository/io/rest-assured/json-path/4.5.1/json-path-4.5.1.jar:/home/pw2/.m2/repository/org/codehaus/groovy/groovy-json/3.0.9/groovy-json-3.0.9.jar:/home/pw2/.m2/repository/io/rest-assured/rest-assured-common/4.5.1/rest-assured-common-4.5.1.jar:/home/pw2/.m2/repository/io/rest-assured/xml-path/4.5.1/xml-path-4.5.1.jar:/home/pw2/.m2/repository/org/apache/commons/commons-lang3/3.12.0/commons-lang3-3.12.0.jar:"/>
    <property name="java.vm.vendor" value="Ubuntu"/>
    <property name="sun.arch.data.model" value="64"/>
    <property name="quarkusRegistryClient" value="true"/>
    <property name="java.vendor.url" value="https://ubuntu.com/"/>
    <property name="user.timezone" value="America/Sao_Paulo"/>
    <property name="java.vm.specification.version" value="11"/>
    <property name="os.name" value="Linux"/>
    <property name="sun.java.launcher" value="SUN_STANDARD"/>
    <property name="user.country" value="BR"/>
    <property name="sun.boot.library.path" value="/usr/lib/jvm/java-11-openjdk-amd64/lib"/>
    <property name="sun.java.command" value="/home/pw2/dev/aula-002/config/target/surefire/surefirebooter-20220923201651571_3.jar /home/pw2/dev/aula-002/config/target/surefire 2022-09-23T20-16-51_265-jvmRun1 surefire-20220923201651571_1tmp surefire_0-20220923201651571_2tmp"/>
    <property name="jdk.debug" value="release"/>
    <property name="maven.home" value="/home/pw2/.m2/wrapper/dists/apache-maven-3.8.6-bin/67568434/apache-maven-3.8.6"/>
    <property name="surefire.test.class.path" value="/home/pw2/dev/aula-002/config/target/test-classes:/home/pw2/dev/aula-002/config/target/classes:/home/pw2/.m2/repository/io/quarkus/quarkus-arc/2.12.3.Final/quarkus-arc-2.12.3.Final.jar:/home/pw2/.m2/repository/io/quarkus/arc/arc/2.12.3.Final/arc-2.12.3.Final.jar:/home/pw2/.m2/repository/jakarta/enterprise/jakarta.enterprise.cdi-api/2.0.2/jakarta.enterprise.cdi-api-2.0.2.jar:/home/pw2/.m2/repository/jakarta/el/jakarta.el-api/3.0.3/jakarta.el-api-3.0.3.jar:/home/pw2/.m2/repository/jakarta/interceptor/jakarta.interceptor-api/1.2.5/jakarta.interceptor-api-1.2.5.jar:/home/pw2/.m2/repository/jakarta/annotation/jakarta.annotation-api/1.3.5/jakarta.annotation-api-1.3.5.jar:/home/pw2/.m2/repository/jakarta/transaction/jakarta.transaction-api/1.3.3/jakarta.transaction-api-1.3.3.jar:/home/pw2/.m2/repository/org/jboss/logging/jboss-logging/3.5.0.Final/jboss-logging-3.5.0.Final.jar:/home/pw2/.m2/repository/io/quarkus/quarkus-core/2.12.3.Final/quarkus-core-2.12.3.Final.jar:/home/pw2/.m2/repository/jakarta/inject/jakarta.inject-api/1.0/jakarta.inject-api-1.0.jar:/home/pw2/.m2/repository/io/quarkus/quarkus-ide-launcher/2.12.3.Final/quarkus-ide-launcher-2.12.3.Final.jar:/home/pw2/.m2/repository/io/quarkus/quarkus-development-mode-spi/2.12.3.Final/quarkus-development-mode-spi-2.12.3.Final.jar:/home/pw2/.m2/repository/io/smallrye/config/smallrye-config/2.12.0/smallrye-config-2.12.0.jar:/home/pw2/.m2/repository/io/smallrye/config/smallrye-config-core/2.12.0/smallrye-config-core-2.12.0.jar:/home/pw2/.m2/repository/org/eclipse/microprofile/config/microprofile-config-api/2.0.1/microprofile-config-api-2.0.1.jar:/home/pw2/.m2/repository/io/smallrye/common/smallrye-common-expression/1.13.0/smallrye-common-expression-1.13.0.jar:/home/pw2/.m2/repository/io/smallrye/common/smallrye-common-function/1.13.0/smallrye-common-function-1.13.0.jar:/home/pw2/.m2/repository/io/smallrye/common/smallrye-common-classloader/1.13.0/smallrye-common-classloader-1.13.0.jar:/home/pw2/.m2/repository/io/smallrye/config/smallrye-config-common/2.12.0/smallrye-config-common-2.12.0.jar:/home/pw2/.m2/repository/org/jboss/logmanager/jboss-logmanager-embedded/1.0.10/jboss-logmanager-embedded-1.0.10.jar:/home/pw2/.m2/repository/org/jboss/logging/jboss-logging-annotations/2.2.1.Final/jboss-logging-annotations-2.2.1.Final.jar:/home/pw2/.m2/repository/org/jboss/threads/jboss-threads/3.4.3.Final/jboss-threads-3.4.3.Final.jar:/home/pw2/.m2/repository/org/slf4j/slf4j-api/1.7.36/slf4j-api-1.7.36.jar:/home/pw2/.m2/repository/org/jboss/slf4j/slf4j-jboss-logmanager/1.1.0.Final/slf4j-jboss-logmanager-1.1.0.Final.jar:/home/pw2/.m2/repository/org/graalvm/sdk/graal-sdk/22.2.0/graal-sdk-22.2.0.jar:/home/pw2/.m2/repository/org/wildfly/common/wildfly-common/1.5.4.Final-format-001/wildfly-common-1.5.4.Final-format-001.jar:/home/pw2/.m2/repository/io/quarkus/quarkus-bootstrap-runner/2.12.3.Final/quarkus-bootstrap-runner-2.12.3.Final.jar:/home/pw2/.m2/repository/io/quarkus/quarkus-fs-util/0.0.9/quarkus-fs-util-0.0.9.jar:/home/pw2/.m2/repository/org/eclipse/microprofile/context-propagation/microprofile-context-propagation-api/1.2/microprofile-context-propagation-api-1.2.jar:/home/pw2/.m2/repository/io/quarkus/quarkus-resteasy-reactive/2.12.3.Final/quarkus-resteasy-reactive-2.12.3.Final.jar:/home/pw2/.m2/repository/io/quarkus/quarkus-resteasy-reactive-common/2.12.3.Final/quarkus-resteasy-reactive-common-2.12.3.Final.jar:/home/pw2/.m2/repository/io/quarkus/resteasy/reactive/resteasy-reactive-common/2.12.3.Final/resteasy-reactive-common-2.12.3.Final.jar:/home/pw2/.m2/repository/io/quarkus/resteasy/reactive/resteasy-reactive-common-types/2.12.3.Final/resteasy-reactive-common-types-2.12.3.Final.jar:/home/pw2/.m2/repository/io/smallrye/reactive/mutiny/1.7.0/mutiny-1.7.0.jar:/home/pw2/.m2/repository/org/reactivestreams/reactive-streams/1.0.3/reactive-streams-1.0.3.jar:/home/pw2/.m2/repository/io/smallrye/common/smallrye-common-annotation/1.13.0/smallrye-common-annotation-1.13.0.jar:/home/pw2/.m2/repository/io/quarkus/quarkus-mutiny/2.12.3.Final/quarkus-mutiny-2.12.3.Final.jar:/home/pw2/.m2/repository/io/quarkus/quarkus-smallrye-context-propagation/2.12.3.Final/quarkus-smallrye-context-propagation-2.12.3.Final.jar:/home/pw2/.m2/repository/io/smallrye/smallrye-context-propagation/1.2.2/smallrye-context-propagation-1.2.2.jar:/home/pw2/.m2/repository/io/smallrye/smallrye-context-propagation-api/1.2.2/smallrye-context-propagation-api-1.2.2.jar:/home/pw2/.m2/repository/io/smallrye/smallrye-context-propagation-storage/1.2.2/smallrye-context-propagation-storage-1.2.2.jar:/home/pw2/.m2/repository/io/smallrye/reactive/mutiny-smallrye-context-propagation/1.7.0/mutiny-smallrye-context-propagation-1.7.0.jar:/home/pw2/.m2/repository/io/quarkus/quarkus-vertx/2.12.3.Final/quarkus-vertx-2.12.3.Final.jar:/home/pw2/.m2/repository/io/quarkus/quarkus-netty/2.12.3.Final/quarkus-netty-2.12.3.Final.jar:/home/pw2/.m2/repository/io/netty/netty-codec/4.1.79.Final/netty-codec-4.1.79.Final.jar:/home/pw2/.m2/repository/io/netty/netty-codec-http/4.1.79.Final/netty-codec-http-4.1.79.Final.jar:/home/pw2/.m2/repository/io/netty/netty-codec-http2/4.1.79.Final/netty-codec-http2-4.1.79.Final.jar:/home/pw2/.m2/repository/io/netty/netty-handler/4.1.79.Final/netty-handler-4.1.79.Final.jar:/home/pw2/.m2/repository/io/netty/netty-transport-native-unix-common/4.1.79.Final/netty-transport-native-unix-common-4.1.79.Final.jar:/home/pw2/.m2/repository/com/aayushatharva/brotli4j/brotli4j/1.7.1/brotli4j-1.7.1.jar:/home/pw2/.m2/repository/com/aayushatharva/brotli4j/native-linux-x86_64/1.7.1/native-linux-x86_64-1.7.1.jar:/home/pw2/.m2/repository/io/netty/netty-codec-haproxy/4.1.79.Final/netty-codec-haproxy-4.1.79.Final.jar:/home/pw2/.m2/repository/io/netty/netty-buffer/4.1.79.Final/netty-buffer-4.1.79.Final.jar:/home/pw2/.m2/repository/io/netty/netty-transport/4.1.79.Final/netty-transport-4.1.79.Final.jar:/home/pw2/.m2/repository/io/quarkus/quarkus-vertx-latebound-mdc-provider/2.12.3.Final/quarkus-vertx-latebound-mdc-provider-2.12.3.Final.jar:/home/pw2/.m2/repository/io/smallrye/smallrye-fault-tolerance-vertx/5.5.0/smallrye-fault-tolerance-vertx-5.5.0.jar:/home/pw2/.m2/repository/io/quarkus/resteasy/reactive/resteasy-reactive-vertx/2.12.3.Final/resteasy-reactive-vertx-2.12.3.Final.jar:/home/pw2/.m2/repository/io/vertx/vertx-web/4.3.2/vertx-web-4.3.2.jar:/home/pw2/.m2/repository/io/vertx/vertx-web-common/4.3.2/vertx-web-common-4.3.2.jar:/home/pw2/.m2/repository/io/vertx/vertx-auth-common/4.3.2/vertx-auth-common-4.3.2.jar:/home/pw2/.m2/repository/io/vertx/vertx-bridge-common/4.3.2/vertx-bridge-common-4.3.2.jar:/home/pw2/.m2/repository/io/vertx/vertx-core/4.3.2/vertx-core-4.3.2.jar:/home/pw2/.m2/repository/io/netty/netty-common/4.1.79.Final/netty-common-4.1.79.Final.jar:/home/pw2/.m2/repository/io/netty/netty-handler-proxy/4.1.79.Final/netty-handler-proxy-4.1.79.Final.jar:/home/pw2/.m2/repository/io/netty/netty-codec-socks/4.1.79.Final/netty-codec-socks-4.1.79.Final.jar:/home/pw2/.m2/repository/io/netty/netty-resolver/4.1.79.Final/netty-resolver-4.1.79.Final.jar:/home/pw2/.m2/repository/io/netty/netty-resolver-dns/4.1.79.Final/netty-resolver-dns-4.1.79.Final.jar:/home/pw2/.m2/repository/io/netty/netty-codec-dns/4.1.79.Final/netty-codec-dns-4.1.79.Final.jar:/home/pw2/.m2/repository/com/fasterxml/jackson/core/jackson-core/2.13.3/jackson-core-2.13.3.jar:/home/pw2/.m2/repository/io/smallrye/reactive/smallrye-mutiny-vertx-core/2.25.0/smallrye-mutiny-vertx-core-2.25.0.jar:/home/pw2/.m2/repository/io/smallrye/reactive/smallrye-mutiny-vertx-runtime/2.25.0/smallrye-mutiny-vertx-runtime-2.25.0.jar:/home/pw2/.m2/repository/io/smallrye/reactive/vertx-mutiny-generator/2.25.0/vertx-mutiny-generator-2.25.0.jar:/home/pw2/.m2/repository/io/vertx/vertx-codegen/4.3.2/vertx-codegen-4.3.2.jar:/home/pw2/.m2/repository/io/quarkus/resteasy/reactive/resteasy-reactive/2.12.3.Final/resteasy-reactive-2.12.3.Final.jar:/home/pw2/.m2/repository/org/jboss/spec/javax/ws/rs/jboss-jaxrs-api_2.1_spec/2.0.1.Final/jboss-jaxrs-api_2.1_spec-2.0.1.Final.jar:/home/pw2/.m2/repository/org/jboss/logging/commons-logging-jboss-logging/1.0.0.Final/commons-logging-jboss-logging-1.0.0.Final.jar:/home/pw2/.m2/repository/io/quarkus/quarkus-vertx-http/2.12.3.Final/quarkus-vertx-http-2.12.3.Final.jar:/home/pw2/.m2/repository/io/quarkus/quarkus-security-runtime-spi/2.12.3.Final/quarkus-security-runtime-spi-2.12.3.Final.jar:/home/pw2/.m2/repository/io/quarkus/quarkus-credentials/2.12.3.Final/quarkus-credentials-2.12.3.Final.jar:/home/pw2/.m2/repository/io/smallrye/common/smallrye-common-vertx-context/1.13.0/smallrye-common-vertx-context-1.13.0.jar:/home/pw2/.m2/repository/io/smallrye/common/smallrye-common-constraint/1.13.0/smallrye-common-constraint-1.13.0.jar:/home/pw2/.m2/repository/io/quarkus/quarkus-vertx-http-dev-console-runtime-spi/2.12.3.Final/quarkus-vertx-http-dev-console-runtime-spi-2.12.3.Final.jar:/home/pw2/.m2/repository/io/quarkus/security/quarkus-security/1.1.4.Final/quarkus-security-1.1.4.Final.jar:/home/pw2/.m2/repository/io/smallrye/reactive/smallrye-mutiny-vertx-web/2.25.0/smallrye-mutiny-vertx-web-2.25.0.jar:/home/pw2/.m2/repository/io/smallrye/reactive/smallrye-mutiny-vertx-web-common/2.25.0/smallrye-mutiny-vertx-web-common-2.25.0.jar:/home/pw2/.m2/repository/io/smallrye/reactive/smallrye-mutiny-vertx-auth-common/2.25.0/smallrye-mutiny-vertx-auth-common-2.25.0.jar:/home/pw2/.m2/repository/io/smallrye/reactive/smallrye-mutiny-vertx-bridge-common/2.25.0/smallrye-mutiny-vertx-bridge-common-2.25.0.jar:/home/pw2/.m2/repository/io/smallrye/reactive/smallrye-mutiny-vertx-uri-template/2.25.0/smallrye-mutiny-vertx-uri-template-2.25.0.jar:/home/pw2/.m2/repository/io/vertx/vertx-uri-template/4.3.2/vertx-uri-template-4.3.2.jar:/home/pw2/.m2/repository/io/github/crac/org-crac/0.1.1/org-crac-0.1.1.jar:/home/pw2/.m2/repository/io/quarkus/quarkus-jsonp/2.12.3.Final/quarkus-jsonp-2.12.3.Final.jar:/home/pw2/.m2/repository/org/glassfish/jakarta.json/1.1.6/jakarta.json-1.1.6.jar:/home/pw2/.m2/repository/io/quarkus/quarkus-junit5/2.12.3.Final/quarkus-junit5-2.12.3.Final.jar:/home/pw2/.m2/repository/io/quarkus/quarkus-bootstrap-core/2.12.3.Final/quarkus-bootstrap-core-2.12.3.Final.jar:/home/pw2/.m2/repository/io/quarkus/quarkus-bootstrap-app-model/2.12.3.Final/quarkus-bootstrap-app-model-2.12.3.Final.jar:/home/pw2/.m2/repository/io/quarkus/quarkus-bootstrap-maven-resolver/2.12.3.Final/quarkus-bootstrap-maven-resolver-2.12.3.Final.jar:/home/pw2/.m2/repository/org/apache/maven/maven-embedder/3.8.6/maven-embedder-3.8.6.jar:/home/pw2/.m2/repository/org/apache/maven/maven-settings/3.8.6/maven-settings-3.8.6.jar:/home/pw2/.m2/repository/org/apache/maven/maven-core/3.8.6/maven-core-3.8.6.jar:/home/pw2/.m2/repository/org/apache/maven/maven-artifact/3.8.6/maven-artifact-3.8.6.jar:/home/pw2/.m2/repository/org/codehaus/plexus/plexus-component-annotations/2.1.0/plexus-component-annotations-2.1.0.jar:/home/pw2/.m2/repository/org/apache/maven/maven-plugin-api/3.8.6/maven-plugin-api-3.8.6.jar:/home/pw2/.m2/repository/org/apache/maven/maven-model/3.8.6/maven-model-3.8.6.jar:/home/pw2/.m2/repository/org/apache/maven/maven-model-builder/3.8.6/maven-model-builder-3.8.6.jar:/home/pw2/.m2/repository/org/apache/maven/maven-builder-support/3.8.6/maven-builder-support-3.8.6.jar:/home/pw2/.m2/repository/org/apache/maven/resolver/maven-resolver-api/1.6.3/maven-resolver-api-1.6.3.jar:/home/pw2/.m2/repository/org/apache/maven/resolver/maven-resolver-util/1.6.3/maven-resolver-util-1.6.3.jar:/home/pw2/.m2/repository/org/apache/maven/shared/maven-shared-utils/3.3.4/maven-shared-utils-3.3.4.jar:/home/pw2/.m2/repository/commons-io/commons-io/2.11.0/commons-io-2.11.0.jar:/home/pw2/.m2/repository/com/google/inject/guice/4.2.2/guice-4.2.2-no_aop.jar:/home/pw2/.m2/repository/com/google/guava/guava/31.1-jre/guava-31.1-jre.jar:/home/pw2/.m2/repository/com/google/guava/failureaccess/1.0.1/failureaccess-1.0.1.jar:/home/pw2/.m2/repository/org/codehaus/plexus/plexus-classworlds/2.6.0/plexus-classworlds-2.6.0.jar:/home/pw2/.m2/repository/org/codehaus/plexus/plexus-sec-dispatcher/2.0/plexus-sec-dispatcher-2.0.jar:/home/pw2/.m2/repository/org/codehaus/plexus/plexus-cipher/2.0/plexus-cipher-2.0.jar:/home/pw2/.m2/repository/commons-cli/commons-cli/1.4/commons-cli-1.4.jar:/home/pw2/.m2/repository/org/eclipse/sisu/org.eclipse.sisu.plexus/0.3.5/org.eclipse.sisu.plexus-0.3.5.jar:/home/pw2/.m2/repository/org/apache/maven/maven-settings-builder/3.8.6/maven-settings-builder-3.8.6.jar:/home/pw2/.m2/repository/org/codehaus/plexus/plexus-interpolation/1.26/plexus-interpolation-1.26.jar:/home/pw2/.m2/repository/org/apache/maven/maven-resolver-provider/3.8.6/maven-resolver-provider-3.8.6.jar:/home/pw2/.m2/repository/org/apache/maven/maven-repository-metadata/3.8.6/maven-repository-metadata-3.8.6.jar:/home/pw2/.m2/repository/org/apache/maven/resolver/maven-resolver-spi/1.6.3/maven-resolver-spi-1.6.3.jar:/home/pw2/.m2/repository/org/apache/maven/resolver/maven-resolver-impl/1.6.3/maven-resolver-impl-1.6.3.jar:/home/pw2/.m2/repository/org/codehaus/plexus/plexus-utils/3.3.0/plexus-utils-3.3.0.jar:/home/pw2/.m2/repository/org/apache/maven/resolver/maven-resolver-connector-basic/1.6.3/maven-resolver-connector-basic-1.6.3.jar:/home/pw2/.m2/repository/org/apache/maven/resolver/maven-resolver-transport-wagon/1.6.3/maven-resolver-transport-wagon-1.6.3.jar:/home/pw2/.m2/repository/org/apache/maven/wagon/wagon-http/3.5.1/wagon-http-3.5.1.jar:/home/pw2/.m2/repository/org/apache/maven/wagon/wagon-http-shared/3.5.1/wagon-http-shared-3.5.1.jar:/home/pw2/.m2/repository/org/apache/maven/wagon/wagon-provider-api/3.5.1/wagon-provider-api-3.5.1.jar:/home/pw2/.m2/repository/org/apache/maven/wagon/wagon-file/3.5.1/wagon-file-3.5.1.jar:/home/pw2/.m2/repository/io/quarkus/quarkus-bootstrap-gradle-resolver/2.12.3.Final/quarkus-bootstrap-gradle-resolver-2.12.3.Final.jar:/home/pw2/.m2/repository/io/smallrye/common/smallrye-common-io/1.13.0/smallrye-common-io-1.13.0.jar:/home/pw2/.m2/repository/org/eclipse/sisu/org.eclipse.sisu.inject/0.3.5/org.eclipse.sisu.inject-0.3.5.jar:/home/pw2/.m2/repository/io/quarkus/quarkus-test-common/2.12.3.Final/quarkus-test-common-2.12.3.Final.jar:/home/pw2/.m2/repository/io/quarkus/quarkus-core-deployment/2.12.3.Final/quarkus-core-deployment-2.12.3.Final.jar:/home/pw2/.m2/repository/org/aesh/readline/2.2/readline-2.2.jar:/home/pw2/.m2/repository/org/fusesource/jansi/jansi/1.18/jansi-1.18.jar:/home/pw2/.m2/repository/org/aesh/aesh/2.6/aesh-2.6.jar:/home/pw2/.m2/repository/io/quarkus/gizmo/gizmo/1.1.0.Final/gizmo-1.1.0.Final.jar:/home/pw2/.m2/repository/org/ow2/asm/asm-util/9.3/asm-util-9.3.jar:/home/pw2/.m2/repository/org/ow2/asm/asm/9.3/asm-9.3.jar:/home/pw2/.m2/repository/org/ow2/asm/asm-commons/9.3/asm-commons-9.3.jar:/home/pw2/.m2/repository/org/ow2/asm/asm-tree/9.3/asm-tree-9.3.jar:/home/pw2/.m2/repository/org/ow2/asm/asm-analysis/9.3/asm-analysis-9.3.jar:/home/pw2/.m2/repository/io/quarkus/quarkus-class-change-agent/2.12.3.Final/quarkus-class-change-agent-2.12.3.Final.jar:/home/pw2/.m2/repository/io/quarkus/quarkus-devtools-utilities/2.12.3.Final/quarkus-devtools-utilities-2.12.3.Final.jar:/home/pw2/.m2/repository/io/quarkus/quarkus-builder/2.12.3.Final/quarkus-builder-2.12.3.Final.jar:/home/pw2/.m2/repository/org/junit/platform/junit-platform-launcher/1.9.0/junit-platform-launcher-1.9.0.jar:/home/pw2/.m2/repository/org/jboss/jandex/2.4.3.Final/jandex-2.4.3.Final.jar:/home/pw2/.m2/repository/io/quarkus/quarkus-junit5-properties/2.12.3.Final/quarkus-junit5-properties-2.12.3.Final.jar:/home/pw2/.m2/repository/org/junit/jupiter/junit-jupiter/5.9.0/junit-jupiter-5.9.0.jar:/home/pw2/.m2/repository/org/junit/jupiter/junit-jupiter-api/5.9.0/junit-jupiter-api-5.9.0.jar:/home/pw2/.m2/repository/org/opentest4j/opentest4j/1.2.0/opentest4j-1.2.0.jar:/home/pw2/.m2/repository/org/junit/platform/junit-platform-commons/1.9.0/junit-platform-commons-1.9.0.jar:/home/pw2/.m2/repository/org/apiguardian/apiguardian-api/1.1.2/apiguardian-api-1.1.2.jar:/home/pw2/.m2/repository/org/junit/jupiter/junit-jupiter-params/5.9.0/junit-jupiter-params-5.9.0.jar:/home/pw2/.m2/repository/org/junit/jupiter/junit-jupiter-engine/5.9.0/junit-jupiter-engine-5.9.0.jar:/home/pw2/.m2/repository/org/junit/platform/junit-platform-engine/1.9.0/junit-platform-engine-1.9.0.jar:/home/pw2/.m2/repository/com/thoughtworks/xstream/xstream/1.4.19/xstream-1.4.19.jar:/home/pw2/.m2/repository/io/github/x-stream/mxparser/1.2.2/mxparser-1.2.2.jar:/home/pw2/.m2/repository/xmlpull/xmlpull/1.1.3.1/xmlpull-1.1.3.1.jar:/home/pw2/.m2/repository/io/rest-assured/rest-assured/4.5.1/rest-assured-4.5.1.jar:/home/pw2/.m2/repository/org/codehaus/groovy/groovy/3.0.9/groovy-3.0.9.jar:/home/pw2/.m2/repository/org/codehaus/groovy/groovy-xml/3.0.9/groovy-xml-3.0.9.jar:/home/pw2/.m2/repository/org/apache/httpcomponents/httpclient/4.5.13/httpclient-4.5.13.jar:/home/pw2/.m2/repository/org/apache/httpcomponents/httpcore/4.4.15/httpcore-4.4.15.jar:/home/pw2/.m2/repository/commons-codec/commons-codec/1.15/commons-codec-1.15.jar:/home/pw2/.m2/repository/org/apache/httpcomponents/httpmime/4.5.13/httpmime-4.5.13.jar:/home/pw2/.m2/repository/org/hamcrest/hamcrest/2.1/hamcrest-2.1.jar:/home/pw2/.m2/repository/org/ccil/cowan/tagsoup/tagsoup/1.2.1/tagsoup-1.2.1.jar:/home/pw2/.m2/repository/io/rest-assured/json-path/4.5.1/json-path-4.5.1.jar:/home/pw2/.m2/repository/org/codehaus/groovy/groovy-json/3.0.9/groovy-json-3.0.9.jar:/home/pw2/.m2/repository/io/rest-assured/rest-assured-common/4.5.1/rest-assured-common-4.5.1.jar:/home/pw2/.m2/repository/io/rest-assured/xml-path/4.5.1/xml-path-4.5.1.jar:/home/pw2/.m2/repository/org/apache/commons/commons-lang3/3.12.0/commons-lang3-3.12.0.jar:"/>
    <property name="sun.cpu.endian" value="little"/>
    <property name="user.home" value="/home/pw2"/>
    <property name="user.language" value="pt"/>
    <property name="jboss.log-version" value="false"/>
    <property name="java.specification.vendor" value="Oracle Corporation"/>
    <property name="io.netty.allocator.maxOrder" value="3"/>
    <property name="java.version.date" value="2022-07-19"/>
    <property name="java.home" value="/usr/lib/jvm/java-11-openjdk-amd64"/>
    <property name="file.separator" value="/"/>
    <property name="style.color" value="always"/>
    <property name="basedir" value="/home/pw2/dev/aula-002/config"/>
    <property name="java.vm.compressedOopsMode" value="32-bit"/>
    <property name="line.separator" value="&#10;"/>
    <property name="java.specification.name" value="Java Platform API Specification"/>
    <property name="java.vm.specification.vendor" value="Oracle Corporation"/>
    <property name="java.awt.graphicsenv" value="sun.awt.X11GraphicsEnvironment"/>
    <property name="surefire.real.class.path" value="/home/pw2/dev/aula-002/config/target/surefire/surefirebooter-20220923201651571_3.jar"/>
    <property name="sun.management.compiler" value="HotSpot 64-Bit Tiered Compilers"/>
    <property name="java.runtime.version" value="11.0.16+8-post-Ubuntu-0ubuntu122.04"/>
    <property name="user.name" value="pw2"/>
    <property name="path.separator" value=":"/>
    <property name="os.version" value="5.15.0-47-generic"/>
    <property name="java.runtime.name" value="OpenJDK Runtime Environment"/>
    <property name="file.encoding" value="UTF-8"/>
    <property name="java.vm.name" value="OpenJDK 64-Bit Server VM"/>
    <property name="localRepository" value="/home/pw2/.m2/repository"/>
    <property name="java.vendor.url.bug" value="https://bugs.launchpad.net/ubuntu/+source/openjdk-lts"/>
    <property name="java.io.tmpdir" value="/tmp"/>
    <property name="quarkus.log.file.path" value="target/quarkus.log"/>
    <property name="java.version" value="11.0.16"/>
    <property name="java.util.concurrent.ForkJoinPool.common.threadFactory" value="io.quarkus.bootstrap.forkjoin.QuarkusForkJoinWorkerThreadFactory"/>
    <property name="user.dir" value="/home/pw2/dev/aula-002/config"/>
    <property name="os.arch" value="amd64"/>
    <property name="java.vm.specification.name" value="Java Virtual Machine Specification"/>
    <property name="vertx.disableDnsResolver" value="true"/>
    <property name="java.awt.printerjob" value="sun.print.PSPrinterJob"/>
    <property name="sun.os.patch.level" value="unknown"/>
    <property name="java.util.logging.manager" value="org.jboss.logmanager.LogManager"/>
    <property name="java.library.path" value="/usr/java/packages/lib:/usr/lib/x86_64-linux-gnu/jni:/lib/x86_64-linux-gnu:/usr/lib/x86_64-linux-gnu:/usr/lib/jni:/lib:/usr/lib"/>
    <property name="java.vm.info" value="mixed mode, sharing"/>
    <property name="java.vendor" value="Ubuntu"/>
    <property name="vertx.disableTCCL" value="true"/>
    <property name="java.vm.version" value="11.0.16+8-post-Ubuntu-0ubuntu122.04"/>
    <property name="sun.io.unicode.encoding" value="UnicodeLittle"/>
    <property name="io.netty.machineId" value="05:73:f6:84:a4:d4:6e:19"/>
    <property name="java.class.version" value="55.0"/>
  </properties>
  <testcase name="testHelloEndpoint" classname="dev.ifrs.ConfigTest" time="1.065">
    <failure message="1 expectation failed.&#10;Response body doesn&apos;t match expectation.&#10;Expected: is &quot;Hello&quot;&#10;  Actual: Olar&#10;" type="java.lang.AssertionError"><![CDATA[java.lang.AssertionError: 
1 expectation failed.
Response body doesn't match expectation.
Expected: is "Hello"
  Actual: Olar

	at java.base/jdk.internal.reflect.NativeConstructorAccessorImpl.newInstance0(Native Method)
	at java.base/jdk.internal.reflect.NativeConstructorAccessorImpl.newInstance(NativeConstructorAccessorImpl.java:62)
	at java.base/jdk.internal.reflect.DelegatingConstructorAccessorImpl.newInstance(DelegatingConstructorAccessorImpl.java:45)
	at java.base/java.lang.reflect.Constructor.newInstance(Constructor.java:490)
	at org.codehaus.groovy.reflection.CachedConstructor.invoke(CachedConstructor.java:72)
	at org.codehaus.groovy.reflection.CachedConstructor.doConstructorInvoke(CachedConstructor.java:59)
	at org.codehaus.groovy.runtime.callsite.ConstructorSite$ConstructorSiteNoUnwrap.callConstructor(ConstructorSite.java:84)
	at org.codehaus.groovy.runtime.callsite.CallSiteArray.defaultCallConstructor(CallSiteArray.java:59)
	at org.codehaus.groovy.runtime.callsite.AbstractCallSite.callConstructor(AbstractCallSite.java:263)
	at org.codehaus.groovy.runtime.callsite.AbstractCallSite.callConstructor(AbstractCallSite.java:277)
	at io.restassured.internal.ResponseSpecificationImpl$HamcrestAssertionClosure.validate(ResponseSpecificationImpl.groovy:499)
	at io.restassured.internal.ResponseSpecificationImpl$HamcrestAssertionClosure$validate$1.call(Unknown Source)
	at io.restassured.internal.ResponseSpecificationImpl.validateResponseIfRequired(ResponseSpecificationImpl.groovy:684)
	at java.base/jdk.internal.reflect.NativeMethodAccessorImpl.invoke0(Native Method)
	at java.base/jdk.internal.reflect.NativeMethodAccessorImpl.invoke(NativeMethodAccessorImpl.java:62)
	at java.base/jdk.internal.reflect.DelegatingMethodAccessorImpl.invoke(DelegatingMethodAccessorImpl.java:43)
	at java.base/java.lang.reflect.Method.invoke(Method.java:566)
	at org.codehaus.groovy.runtime.callsite.PlainObjectMetaMethodSite.doInvoke(PlainObjectMetaMethodSite.java:43)
	at org.codehaus.groovy.runtime.callsite.PogoMetaMethodSite$PogoCachedMethodSiteNoUnwrapNoCoerce.invoke(PogoMetaMethodSite.java:193)
	at org.codehaus.groovy.runtime.callsite.PogoMetaMethodSite.callCurrent(PogoMetaMethodSite.java:61)
	at org.codehaus.groovy.runtime.callsite.CallSiteArray.defaultCallCurrent(CallSiteArray.java:51)
	at org.codehaus.groovy.runtime.callsite.AbstractCallSite.callCurrent(AbstractCallSite.java:171)
	at org.codehaus.groovy.runtime.callsite.AbstractCallSite.callCurrent(AbstractCallSite.java:185)
	at io.restassured.internal.ResponseSpecificationImpl.body(ResponseSpecificationImpl.groovy:99)
	at io.restassured.internal.ValidatableResponseOptionsImpl.body(ValidatableResponseOptionsImpl.java:238)
	at io.restassured.internal.ValidatableResponseImpl.super$2$body(ValidatableResponseImpl.groovy)
	at java.base/jdk.internal.reflect.NativeMethodAccessorImpl.invoke0(Native Method)
	at java.base/jdk.internal.reflect.NativeMethodAccessorImpl.invoke(NativeMethodAccessorImpl.java:62)
	at java.base/jdk.internal.reflect.DelegatingMethodAccessorImpl.invoke(DelegatingMethodAccessorImpl.java:43)
	at java.base/java.lang.reflect.Method.invoke(Method.java:566)
	at org.codehaus.groovy.reflection.CachedMethod.invoke(CachedMethod.java:107)
	at groovy.lang.MetaMethod.doMethodInvoke(MetaMethod.java:323)
	at groovy.lang.MetaClassImpl.invokeMethod(MetaClassImpl.java:1268)
	at org.codehaus.groovy.runtime.ScriptBytecodeAdapter.invokeMethodOnSuperN(ScriptBytecodeAdapter.java:144)
	at io.restassured.internal.ValidatableResponseImpl.body(ValidatableResponseImpl.groovy:293)
	at io.restassured.internal.ValidatableResponseImpl.body(ValidatableResponseImpl.groovy)
	at dev.ifrs.ConfigTest.testHelloEndpoint(ConfigTest.java:18)
	at java.base/jdk.internal.reflect.NativeMethodAccessorImpl.invoke0(Native Method)
	at java.base/jdk.internal.reflect.NativeMethodAccessorImpl.invoke(NativeMethodAccessorImpl.java:62)
	at java.base/jdk.internal.reflect.DelegatingMethodAccessorImpl.invoke(DelegatingMethodAccessorImpl.java:43)
	at java.base/java.lang.reflect.Method.invoke(Method.java:566)
	at io.quarkus.test.junit.QuarkusTestExtension.runExtensionMethod(QuarkusTestExtension.java:1086)
	at io.quarkus.test.junit.QuarkusTestExtension.interceptTestMethod(QuarkusTestExtension.java:905)
	at org.junit.jupiter.engine.execution.InterceptingExecutableInvoker$ReflectiveInterceptorCall.lambda$ofVoidMethod$0(InterceptingExecutableInvoker.java:103)
	at org.junit.jupiter.engine.execution.InterceptingExecutableInvoker.lambda$invoke$0(InterceptingExecutableInvoker.java:93)
	at org.junit.jupiter.engine.execution.InvocationInterceptorChain$InterceptedInvocation.proceed(InvocationInterceptorChain.java:106)
	at org.junit.jupiter.engine.extension.TimeoutExtension.intercept(TimeoutExtension.java:156)
	at org.junit.jupiter.engine.extension.TimeoutExtension.interceptTestableMethod(TimeoutExtension.java:147)
	at org.junit.jupiter.engine.extension.TimeoutExtension.interceptTestMethod(TimeoutExtension.java:86)
	at org.junit.jupiter.engine.execution.InterceptingExecutableInvoker$ReflectiveInterceptorCall.lambda$ofVoidMethod$0(InterceptingExecutableInvoker.java:103)
	at org.junit.jupiter.engine.execution.InterceptingExecutableInvoker.lambda$invoke$0(InterceptingExecutableInvoker.java:93)
	at org.junit.jupiter.engine.execution.InvocationInterceptorChain$InterceptedInvocation.proceed(InvocationInterceptorChain.java:106)
	at org.junit.jupiter.engine.execution.InvocationInterceptorChain.proceed(InvocationInterceptorChain.java:64)
	at org.junit.jupiter.engine.execution.InvocationInterceptorChain.chainAndInvoke(InvocationInterceptorChain.java:45)
	at org.junit.jupiter.engine.execution.InvocationInterceptorChain.invoke(InvocationInterceptorChain.java:37)
	at org.junit.jupiter.engine.execution.InterceptingExecutableInvoker.invoke(InterceptingExecutableInvoker.java:92)
	at org.junit.jupiter.engine.execution.InterceptingExecutableInvoker.invoke(InterceptingExecutableInvoker.java:86)
	at org.junit.jupiter.engine.descriptor.TestMethodTestDescriptor.lambda$invokeTestMethod$7(TestMethodTestDescriptor.java:217)
	at org.junit.platform.engine.support.hierarchical.ThrowableCollector.execute(ThrowableCollector.java:73)
	at org.junit.jupiter.engine.descriptor.TestMethodTestDescriptor.invokeTestMethod(TestMethodTestDescriptor.java:213)
	at org.junit.jupiter.engine.descriptor.TestMethodTestDescriptor.execute(TestMethodTestDescriptor.java:138)
	at org.junit.jupiter.engine.descriptor.TestMethodTestDescriptor.execute(TestMethodTestDescriptor.java:68)
	at org.junit.platform.engine.support.hierarchical.NodeTestTask.lambda$executeRecursively$6(NodeTestTask.java:151)
	at org.junit.platform.engine.support.hierarchical.ThrowableCollector.execute(ThrowableCollector.java:73)
	at org.junit.platform.engine.support.hierarchical.NodeTestTask.lambda$executeRecursively$8(NodeTestTask.java:141)
	at org.junit.platform.engine.support.hierarchical.Node.around(Node.java:137)
	at org.junit.platform.engine.support.hierarchical.NodeTestTask.lambda$executeRecursively$9(NodeTestTask.java:139)
	at org.junit.platform.engine.support.hierarchical.ThrowableCollector.execute(ThrowableCollector.java:73)
	at org.junit.platform.engine.support.hierarchical.NodeTestTask.executeRecursively(NodeTestTask.java:138)
	at org.junit.platform.engine.support.hierarchical.NodeTestTask.execute(NodeTestTask.java:95)
	at java.base/java.util.ArrayList.forEach(ArrayList.java:1541)
	at org.junit.platform.engine.support.hierarchical.SameThreadHierarchicalTestExecutorService.invokeAll(SameThreadHierarchicalTestExecutorService.java:41)
	at org.junit.platform.engine.support.hierarchical.NodeTestTask.lambda$executeRecursively$6(NodeTestTask.java:155)
	at org.junit.platform.engine.support.hierarchical.ThrowableCollector.execute(ThrowableCollector.java:73)
	at org.junit.platform.engine.support.hierarchical.NodeTestTask.lambda$executeRecursively$8(NodeTestTask.java:141)
	at org.junit.platform.engine.support.hierarchical.Node.around(Node.java:137)
	at org.junit.platform.engine.support.hierarchical.NodeTestTask.lambda$executeRecursively$9(NodeTestTask.java:139)
	at org.junit.platform.engine.support.hierarchical.ThrowableCollector.execute(ThrowableCollector.java:73)
	at org.junit.platform.engine.support.hierarchical.NodeTestTask.executeRecursively(NodeTestTask.java:138)
	at org.junit.platform.engine.support.hierarchical.NodeTestTask.execute(NodeTestTask.java:95)
	at java.base/java.util.ArrayList.forEach(ArrayList.java:1541)
	at org.junit.platform.engine.support.hierarchical.SameThreadHierarchicalTestExecutorService.invokeAll(SameThreadHierarchicalTestExecutorService.java:41)
	at org.junit.platform.engine.support.hierarchical.NodeTestTask.lambda$executeRecursively$6(NodeTestTask.java:155)
	at org.junit.platform.engine.support.hierarchical.ThrowableCollector.execute(ThrowableCollector.java:73)
	at org.junit.platform.engine.support.hierarchical.NodeTestTask.lambda$executeRecursively$8(NodeTestTask.java:141)
	at org.junit.platform.engine.support.hierarchical.Node.around(Node.java:137)
	at org.junit.platform.engine.support.hierarchical.NodeTestTask.lambda$executeRecursively$9(NodeTestTask.java:139)
	at org.junit.platform.engine.support.hierarchical.ThrowableCollector.execute(ThrowableCollector.java:73)
	at org.junit.platform.engine.support.hierarchical.NodeTestTask.executeRecursively(NodeTestTask.java:138)
	at org.junit.platform.engine.support.hierarchical.NodeTestTask.execute(NodeTestTask.java:95)
	at org.junit.platform.engine.support.hierarchical.SameThreadHierarchicalTestExecutorService.submit(SameThreadHierarchicalTestExecutorService.java:35)
	at org.junit.platform.engine.support.hierarchical.HierarchicalTestExecutor.execute(HierarchicalTestExecutor.java:57)
	at org.junit.platform.engine.support.hierarchical.HierarchicalTestEngine.execute(HierarchicalTestEngine.java:54)
	at org.junit.platform.launcher.core.EngineExecutionOrchestrator.execute(EngineExecutionOrchestrator.java:147)
	at org.junit.platform.launcher.core.EngineExecutionOrchestrator.execute(EngineExecutionOrchestrator.java:127)
	at org.junit.platform.launcher.core.EngineExecutionOrchestrator.execute(EngineExecutionOrchestrator.java:90)
	at org.junit.platform.launcher.core.EngineExecutionOrchestrator.lambda$execute$0(EngineExecutionOrchestrator.java:55)
	at org.junit.platform.launcher.core.EngineExecutionOrchestrator.withInterceptedStreams(EngineExecutionOrchestrator.java:102)
	at org.junit.platform.launcher.core.EngineExecutionOrchestrator.execute(EngineExecutionOrchestrator.java:54)
	at org.junit.platform.launcher.core.DefaultLauncher.execute(DefaultLauncher.java:114)
	at org.junit.platform.launcher.core.DefaultLauncher.execute(DefaultLauncher.java:86)
	at org.junit.platform.launcher.core.DefaultLauncherSession$DelegatingLauncher.execute(DefaultLauncherSession.java:86)
	at org.apache.maven.surefire.junitplatform.LazyLauncher.execute(LazyLauncher.java:55)
	at org.apache.maven.surefire.junitplatform.JUnitPlatformProvider.execute(JUnitPlatformProvider.java:223)
	at org.apache.maven.surefire.junitplatform.JUnitPlatformProvider.invokeAllTests(JUnitPlatformProvider.java:175)
	at org.apache.maven.surefire.junitplatform.JUnitPlatformProvider.invoke(JUnitPlatformProvider.java:139)
	at org.apache.maven.surefire.booter.ForkedBooter.runSuitesInProcess(ForkedBooter.java:456)
	at org.apache.maven.surefire.booter.ForkedBooter.execute(ForkedBooter.java:169)
	at org.apache.maven.surefire.booter.ForkedBooter.run(ForkedBooter.java:595)
	at org.apache.maven.surefire.booter.ForkedBooter.main(ForkedBooter.java:581)
]]></failure>
    <system-out><![CDATA[2022-09-23 20:16:54,441 INFO  [io.quarkus] (main) config 1.0.0-SNAPSHOT on JVM (powered by Quarkus 2.12.3.Final) started in 1.480s. Listening on: http://localhost:8081
2022-09-23 20:16:54,455 INFO  [io.quarkus] (main) Profile test activated. 
2022-09-23 20:16:54,455 INFO  [io.quarkus] (main) Installed features: [cdi, resteasy-reactive, smallrye-context-propagation, vertx]
]]></system-out>
  </testcase>
</testsuite>